[    0.000000] Initializing cgroup subsys cpuset
[    0.000000] Initializing cgroup subsys cpu
[    0.000000] Initializing cgroup subsys cpuacct
[    0.000000] Linux version 4.4.0-184-generic (buildd@lgw01-amd64-060) (gcc version 5.4.0 20160609 (Ubuntu 5.4.0-6ubuntu1~16.04.12) ) #214-Ubuntu SMP Thu Jun 4 10:14:11 UTC 2020 (Ubuntu 4.4.0-184.214-generic 4.4.223)
[    0.000000] Command line: BOOT_IMAGE=/boot/vmlinuz-4.4.0-184-generic root=LABEL=cloudimg-rootfs ro console=tty1 console=ttyS0
[    0.000000] KERNEL supported cpus:
[    0.000000]   Intel GenuineIntel
[    0.000000]   AMD AuthenticAMD
[    0.000000]   Centaur CentaurHauls
[    0.000000] x86/fpu: xstate_offset[2]:  576, xstate_sizes[2]:  256
[    0.000000] x86/fpu: Supporting XSAVE feature 0x01: 'x87 floating point registers'
[    0.000000] x86/fpu: Supporting XSAVE feature 0x02: 'SSE registers'
[    0.000000] x86/fpu: Supporting XSAVE feature 0x04: 'AVX registers'
[    0.000000] x86/fpu: Enabled xstate features 0x7, context size is 832 bytes, using 'standard' format.
[    0.000000] e820: BIOS-provided physical RAM map:
[    0.000000] BIOS-e820: [mem 0x0000000000000000-0x000000000009fbff] usable
[    0.000000] BIOS-e820: [mem 0x000000000009fc00-0x000000000009ffff] reserved
[    0.000000] BIOS-e820: [mem 0x00000000000f0000-0x00000000000fffff] reserved
[    0.000000] BIOS-e820: [mem 0x0000000000100000-0x000000003ffeffff] usable
[    0.000000] BIOS-e820: [mem 0x000000003fff0000-0x000000003fffffff] ACPI data
[    0.000000] BIOS-e820: [mem 0x00000000fec00000-0x00000000fec00fff] reserved
[    0.000000] BIOS-e820: [mem 0x00000000fee00000-0x00000000fee00fff] reserved
[    0.000000] BIOS-e820: [mem 0x00000000fffc0000-0x00000000ffffffff] reserved
[    0.000000] NX (Execute Disable) protection: active
[    0.000000] SMBIOS 2.5 present.
[    0.000000] Hypervisor detected: KVM
[    0.000000] e820: last_pfn = 0x3fff0 max_arch_pfn = 0x400000000
[    0.000000] MTRR: Disabled
[    0.000000] x86/PAT: MTRRs disabled, skipping PAT initialization too.
[    0.000000] CPU MTRRs all blank - virtualized system.
[    0.000000] x86/PAT: Configuration [0-7]: WB  WT  UC- UC  WB  WT  UC- UC  
[    0.000000] found SMP MP-table at [mem 0x0009fff0-0x0009ffff] mapped at [ffff88000009fff0]
[    0.000000] Scanning 1 areas for low memory corruption
[    0.000000] RAMDISK: [mem 0x362de000-0x37166fff]
[    0.000000] ACPI: Early table checksum verification disabled
[    0.000000] ACPI: RSDP 0x00000000000E0000 000024 (v02 VBOX  )
[    0.000000] ACPI: XSDT 0x000000003FFF0030 00003C (v01 VBOX   VBOXXSDT 00000001 ASL  00000061)
[    0.000000] ACPI: FACP 0x000000003FFF00F0 0000F4 (v04 VBOX   VBOXFACP 00000001 ASL  00000061)
[    0.000000] ACPI: DSDT 0x000000003FFF0470 002325 (v02 VBOX   VBOXBIOS 00000002 INTL 20100528)
[    0.000000] ACPI: FACS 0x000000003FFF0200 000040
[    0.000000] ACPI: FACS 0x000000003FFF0200 000040
[    0.000000] ACPI: APIC 0x000000003FFF0240 00005C (v02 VBOX   VBOXAPIC 00000001 ASL  00000061)
[    0.000000] ACPI: SSDT 0x000000003FFF02A0 0001CC (v01 VBOX   VBOXCPUT 00000002 INTL 20100528)
[    0.000000] No NUMA configuration found
[    0.000000] Faking a node at [mem 0x0000000000000000-0x000000003ffeffff]
[    0.000000] NODE_DATA(0) allocated [mem 0x3ffeb000-0x3ffeffff]
[    0.000000] kvm-clock: Using msrs 4b564d01 and 4b564d00
[    0.000000] kvm-clock: cpu 0, msr 0:3ffe3001, primary cpu clock
[    0.000000] kvm-clock: using sched offset of 7174070526 cycles
[    0.000000] clocksource: kvm-clock: mask: 0xffffffffffffffff max_cycles: 0x1cd42e4dffb, max_idle_ns: 881590591483 ns
[    0.000000] Zone ranges:
[    0.000000]   DMA      [mem 0x0000000000001000-0x0000000000ffffff]
[    0.000000]   DMA32    [mem 0x0000000001000000-0x000000003ffeffff]
[    0.000000]   Normal   empty
[    0.000000]   Device   empty
[    0.000000] Movable zone start for each node
[    0.000000] Early memory node ranges
[    0.000000]   node   0: [mem 0x0000000000001000-0x000000000009efff]
[    0.000000]   node   0: [mem 0x0000000000100000-0x000000003ffeffff]
[    0.000000] Initmem setup node 0 [mem 0x0000000000001000-0x000000003ffeffff]
[    0.000000] ACPI: PM-Timer IO Port: 0x4008
[    0.000000] IOAPIC[0]: apic_id 2, version 32, address 0xfec00000, GSI 0-23
[    0.000000] ACPI: INT_SRC_OVR (bus 0 bus_irq 0 global_irq 2 dfl dfl)
[    0.000000] ACPI: INT_SRC_OVR (bus 0 bus_irq 9 global_irq 9 low level)
[    0.000000] Using ACPI (MADT) for SMP configuration information
[    0.000000] smpboot: Allowing 2 CPUs, 0 hotplug CPUs
[    0.000000] PM: Registered nosave memory: [mem 0x00000000-0x00000fff]
[    0.000000] PM: Registered nosave memory: [mem 0x0009f000-0x0009ffff]
[    0.000000] PM: Registered nosave memory: [mem 0x000a0000-0x000effff]
[    0.000000] PM: Registered nosave memory: [mem 0x000f0000-0x000fffff]
[    0.000000] e820: [mem 0x40000000-0xfebfffff] available for PCI devices
[    0.000000] Booting paravirtualized kernel on KVM
[    0.000000] clocksource: refined-jiffies: mask: 0xffffffff max_cycles: 0xffffffff, max_idle_ns: 7645519600211568 ns
[    0.000000] setup_percpu: NR_CPUS:512 nr_cpumask_bits:512 nr_cpu_ids:2 nr_node_ids:1
[    0.000000] PERCPU: Embedded 33 pages/cpu @ffff88003fc00000 s95448 r8192 d31528 u1048576
[    0.000000] Built 1 zonelists in Node order, mobility grouping on.  Total pages: 257912
[    0.000000] Policy zone: DMA32
[    0.000000] Kernel command line: BOOT_IMAGE=/boot/vmlinuz-4.4.0-184-generic root=LABEL=cloudimg-rootfs ro console=tty1 console=ttyS0
[    0.000000] PID hash table entries: 4096 (order: 3, 32768 bytes)
[    0.000000] Memory: 997664K/1048120K available (8632K kernel code, 1336K rwdata, 4036K rodata, 1492K init, 1292K bss, 50456K reserved, 0K cma-reserved)
[    0.000000] SLUB: HWalign=64, Order=0-3, MinObjects=0, CPUs=2, Nodes=1
[    0.000000] Kernel/User page tables isolation: enabled
[    0.000000] Hierarchical RCU implementation.
[    0.000000] 	Build-time adjustment of leaf fanout to 64.
[    0.000000] 	RCU restricting CPUs from NR_CPUS=512 to nr_cpu_ids=2.
[    0.000000] RCU: Adjusting geometry for rcu_fanout_leaf=64, nr_cpu_ids=2
[    0.000000] NR_IRQS:33024 nr_irqs:440 16
[    0.000000] Console: colour VGA+ 80x25
[    0.000000] console [tty1] enabled
[    0.000000] console [ttyS0] enabled
[    0.000000] tsc: Detected 1991.999 MHz processor
[    0.263369] Calibrating delay loop (skipped) preset value.. 3983.99 BogoMIPS (lpj=7967996)
[    0.265911] pid_max: default: 32768 minimum: 301
[    0.267184] ACPI: Core revision 20150930
[    0.269840] ACPI: 2 ACPI AML tables successfully acquired and loaded
[    0.274621] Security Framework initialized
[    0.275781] Yama: becoming mindful.
[    0.276847] AppArmor: AppArmor initialized
[    0.278358] Dentry cache hash table entries: 131072 (order: 8, 1048576 bytes)
[    0.281882] Inode-cache hash table entries: 65536 (order: 7, 524288 bytes)
[    0.284196] Mount-cache hash table entries: 2048 (order: 2, 16384 bytes)
[    0.287441] Mountpoint-cache hash table entries: 2048 (order: 2, 16384 bytes)
[    0.292025] Initializing cgroup subsys io
[    0.294683] Initializing cgroup subsys memory
[    0.296339] Initializing cgroup subsys devices
[    0.297935] Initializing cgroup subsys freezer
[    0.299178] Initializing cgroup subsys net_cls
[    0.300462] Initializing cgroup subsys perf_event
[    0.302023] Initializing cgroup subsys net_prio
[    0.306336] Initializing cgroup subsys hugetlb
[    0.307877] Initializing cgroup subsys pids
[    0.310693] mce: CPU supports 0 MCE banks
[    0.312207] Last level iTLB entries: 4KB 64, 2MB 8, 4MB 8
[    0.313806] Last level dTLB entries: 4KB 64, 2MB 0, 4MB 0, 1GB 4
[    0.315478] Spectre V1 : Mitigation: usercopy/swapgs barriers and __user pointer sanitization
[    0.318347] Spectre V2 : Mitigation: Full generic retpoline
[    0.322538] Spectre V2 : Spectre v2 / SpectreRSB mitigation: Filling RSB on context switch
[    0.326658] Speculative Store Bypass: Vulnerable
[    0.328417] SRBDS: Unknown: Dependent on hypervisor status
[    0.330019] MDS: Mitigation: Clear CPU buffers
[    0.334179] Freeing SMP alternatives memory: 36K
[    0.344919] ftrace: allocating 32319 entries in 127 pages
[    0.424966] smpboot: APIC(0) Converting physical 0 to logical package 0
[    0.428164] smpboot: Max logical packages: 1
[    0.429691] x2apic enabled
[    0.430774] Switched APIC routing to physical x2apic.
[    0.433279] ..TIMER: vector=0x30 apic1=0 pin1=2 apic2=-1 pin2=-1
[    0.543923] smpboot: CPU0: Intel(R) Core(TM) i5-6360U CPU @ 2.00GHz (family: 0x6, model: 0x4e, stepping: 0x3)
[    0.548022] Performance Events: unsupported p6 CPU model 78 no PMU driver, software events only.
[    0.564586] KVM setup paravirtual spinlock
[    0.566940] x86: Booting SMP configuration:
[    0.568668] .... node  #0, CPUs:      #1
[    0.572673] kvm-clock: cpu 1, msr 0:3ffe3041, secondary cpu clock
[    0.577803] mce: CPU supports 0 MCE banks
[    0.582086] x86: Booted up 1 node, 2 CPUs
[    0.584115] smpboot: Total of 2 processors activated (7967.99 BogoMIPS)
[    0.587527] devtmpfs: initialized
[    0.592698] evm: security.selinux
[    0.593979] evm: security.SMACK64
[    0.596235] evm: security.SMACK64EXEC
[    0.597627] evm: security.SMACK64TRANSMUTE
[    0.598822] evm: security.SMACK64MMAP
[    0.600024] evm: security.ima
[    0.601173] evm: security.capability
[    0.603520] clocksource: jiffies: mask: 0xffffffff max_cycles: 0xffffffff, max_idle_ns: 7645041785100000 ns
[    0.611876] futex hash table entries: 512 (order: 3, 32768 bytes)
[    0.615059] pinctrl core: initialized pinctrl subsystem
[    0.616849] RTC time: 17:04:30, date: 06/25/20
[    0.618708] NET: Registered protocol family 16
[    0.632228] cpuidle: using governor ladder
[    0.645329] cpuidle: using governor menu
[    0.646970] PCCT header not found.
[    0.648747] ACPI: bus type PCI registered
[    0.650140] acpiphp: ACPI Hot Plug PCI Controller Driver version: 0.5
[    0.652179] PCI: Using configuration type 1 for base access
[    0.670011] ACPI: Added _OSI(Module Device)
[    0.673474] ACPI: Added _OSI(Processor Device)
[    0.675188] ACPI: Added _OSI(3.0 _SCP Extensions)
[    0.676919] ACPI: Added _OSI(Processor Aggregator Device)
[    0.679619] ACPI: Executed 1 blocks of module-level executable AML code
[    0.683882] ACPI: Interpreter enabled
[    0.685588] ACPI: (supports S0 S5)
[    0.688000] ACPI: Using IOAPIC for interrupt routing
[    0.690986] PCI: Using host bridge windows from ACPI; if necessary, use "pci=nocrs" and report a bug
[    0.700198] ACPI: PCI Root Bridge [PCI0] (domain 0000 [bus 00-ff])
[    0.702728] acpi PNP0A03:00: _OSC: OS supports [ASPM ClockPM Segments MSI]
[    0.707555] acpi PNP0A03:00: _OSC: not requesting OS control; OS requires [ExtendedConfig ASPM ClockPM MSI]
[    0.710894] acpi PNP0A03:00: fail to add MMCONFIG information, can't access extended PCI configuration space under this bridge.
[    0.715318] PCI host bridge to bus 0000:00
[    0.716646] pci_bus 0000:00: root bus resource [io  0x0000-0x0cf7 window]
[    0.718730] pci_bus 0000:00: root bus resource [io  0x0d00-0xffff window]
[    0.724350] pci_bus 0000:00: root bus resource [mem 0x000a0000-0x000bffff window]
[    0.728121] pci_bus 0000:00: root bus resource [mem 0x40000000-0xfdffffff window]
[    0.730989] pci_bus 0000:00: root bus resource [bus 00-ff]
[    0.737193] pci 0000:00:01.1: legacy IDE quirk: reg 0x10: [io  0x01f0-0x01f7]
[    0.741464] pci 0000:00:01.1: legacy IDE quirk: reg 0x14: [io  0x03f6]
[    0.743624] pci 0000:00:01.1: legacy IDE quirk: reg 0x18: [io  0x0170-0x0177]
[    0.756780] pci 0000:00:01.1: legacy IDE quirk: reg 0x1c: [io  0x0376]
[    0.779377] pci 0000:00:07.0: quirk: [io  0x4000-0x403f] claimed by PIIX4 ACPI
[    0.782573] pci 0000:00:07.0: quirk: [io  0x4100-0x410f] claimed by PIIX4 SMB
[    0.797273] ACPI: PCI Interrupt Link [LNKA] (IRQs 5 9 10 *11)
[    0.800504] ACPI: PCI Interrupt Link [LNKB] (IRQs 5 9 *10 11)
[    0.804771] ACPI: PCI Interrupt Link [LNKC] (IRQs 5 *9 10 11)
[    0.808946] ACPI: PCI Interrupt Link [LNKD] (IRQs 5 9 10 *11)
[    0.813884] ACPI: Enabled 2 GPEs in block 00 to 07
[    0.816448] vgaarb: setting as boot device: PCI:0000:00:02.0
[    0.818600] vgaarb: device added: PCI:0000:00:02.0,decodes=io+mem,owns=io+mem,locks=none
[    0.823318] vgaarb: loaded
[    0.824548] vgaarb: bridge control possible 0000:00:02.0
[    0.826590] SCSI subsystem initialized
[    0.827985] ACPI: bus type USB registered
[    0.829341] usbcore: registered new interface driver usbfs
[    0.830932] usbcore: registered new interface driver hub
[    0.832497] usbcore: registered new device driver usb
[    0.834190] PCI: Using ACPI for IRQ routing
[    0.840203] NetLabel: Initializing
[    0.841648] NetLabel:  domain hash size = 128
[    0.844192] NetLabel:  protocols = UNLABELED CIPSOv4
[    0.845883] NetLabel:  unlabeled traffic allowed by default
[    0.847624] amd_nb: Cannot enumerate AMD northbridges
[    0.849281] clocksource: Switched to clocksource kvm-clock
[    0.862260] AppArmor: AppArmor Filesystem Enabled
[    0.864039] pnp: PnP ACPI init
[    0.866521] pnp: PnP ACPI: found 3 devices
[    0.882689] clocksource: acpi_pm: mask: 0xffffff max_cycles: 0xffffff, max_idle_ns: 2085701024 ns
[    0.886716] NET: Registered protocol family 2
[    0.890329] TCP established hash table entries: 8192 (order: 4, 65536 bytes)
[    0.893353] TCP bind hash table entries: 8192 (order: 5, 131072 bytes)
[    0.895787] TCP: Hash tables configured (established 8192 bind 8192)
[    0.897977] UDP hash table entries: 512 (order: 2, 16384 bytes)
[    0.899936] UDP-Lite hash table entries: 512 (order: 2, 16384 bytes)
[    0.902322] NET: Registered protocol family 1
[    0.905465] pci 0000:00:00.0: Limiting direct PCI/PCI transfers
[    0.908240] pci 0000:00:01.0: Activating ISA DMA hang workarounds
[    0.911151] Unpacking initramfs...
[    1.294563] Freeing initrd memory: 14884K
[    1.296211] clocksource: tsc: mask: 0xffffffffffffffff max_cycles: 0x396d4ffc055, max_idle_ns: 881590662783 ns
[    1.299785] platform rtc_cmos: registered platform RTC device (no PNP device found)
[    1.304360] Scanning for low memory corruption every 60 seconds
[    1.309090] audit: initializing netlink subsys (disabled)
[    1.312588] audit: type=2000 audit(1593104679.880:1): initialized
[    1.315198] Initialise system trusted keyring
[    1.317900] HugeTLB registered 2 MB page size, pre-allocated 0 pages
[    1.323569] zbud: loaded
[    1.325966] VFS: Disk quotas dquot_6.6.0
[    1.328170] VFS: Dquot-cache hash table entries: 512 (order 0, 4096 bytes)
[    1.331142] squashfs: version 4.0 (2009/01/31) Phillip Lougher
[    1.333592] fuse init (API version 7.23)
[    1.335753] Key type big_key registered
[    1.339586] Allocating IMA MOK and blacklist keyrings.
[    1.343999] Key type asymmetric registered
[    1.345690] Asymmetric key parser 'x509' registered
[    1.347568] Block layer SCSI generic (bsg) driver version 0.4 loaded (major 249)
[    1.350398] io scheduler noop registered
[    1.351632] io scheduler deadline registered (default)
[    1.355127] io scheduler cfq registered
[    1.356721] pci_hotplug: PCI Hot Plug PCI Core version: 0.5
[    1.359950] pciehp: PCI Express Hot Plug Controller Driver version: 0.4
[    1.363831] ACPI: AC Adapter [AC] (on-line)
[    1.365606] input: Power Button as /devices/LNXSYSTM:00/LNXPWRBN:00/input/input0
[    1.368300] ACPI: Power Button [PWRF]
[    1.371576] input: Sleep Button as /devices/LNXSYSTM:00/LNXSLPBN:00/input/input1
[    1.375530] ACPI: Sleep Button [SLPF]
[    1.377482] GHES: HEST is not enabled!
[    1.379156] ACPI: Battery Slot [BAT0] (battery present)
[    1.382048] Serial: 8250/16550 driver, 32 ports, IRQ sharing enabled
[    1.406178] 00:02: ttyS0 at I/O 0x3f8 (irq = 4, base_baud = 115200) is a 16550A
[    1.416024] Linux agpgart interface v0.103
[    1.423494] loop: module loaded
[    1.426535] scsi host0: ata_piix
[    1.428086] scsi host1: ata_piix
[    1.429374] ata1: PATA max UDMA/33 cmd 0x1f0 ctl 0x3f6 bmdma 0xd000 irq 14
[    1.432464] ata2: PATA max UDMA/33 cmd 0x170 ctl 0x376 bmdma 0xd008 irq 15
[    1.434891] libphy: Fixed MDIO Bus: probed
[    1.438323] tun: Universal TUN/TAP device driver, 1.6
[    1.442200] tun: (C) 1999-2004 Max Krasnyansky <maxk@qualcomm.com>
[    1.445586] PPP generic driver version 2.4.2
[    1.447129] ehci_hcd: USB 2.0 'Enhanced' Host Controller (EHCI) Driver
[    1.448884] ehci-pci: EHCI PCI platform driver
[    1.450370] ehci-platform: EHCI generic platform driver
[    1.453156] ohci_hcd: USB 1.1 'Open' Host Controller (OHCI) Driver
[    1.457782] ohci-pci: OHCI PCI platform driver
[    1.459346] ohci-platform: OHCI generic platform driver
[    1.461143] uhci_hcd: USB Universal Host Controller Interface driver
[    1.463365] i8042: PNP: PS/2 Controller [PNP0303:PS2K,PNP0f03:PS2M] at 0x60,0x64 irq 1,12
[    1.466343] serio: i8042 KBD port at 0x60,0x64 irq 1
[    1.468208] serio: i8042 AUX port at 0x60,0x64 irq 12
[    1.473123] mousedev: PS/2 mouse device common for all mice
[    1.476464] input: AT Translated Set 2 keyboard as /devices/platform/i8042/serio0/input/input2
[    1.481590] rtc_cmos rtc_cmos: rtc core: registered rtc_cmos as rtc0
[    1.483714] rtc_cmos rtc_cmos: alarms up to one day, 114 bytes nvram
[    1.488412] i2c /dev entries driver
[    1.490448] device-mapper: uevent: version 1.0.3
[    1.492730] device-mapper: ioctl: 4.34.0-ioctl (2015-10-28) initialised: dm-devel@redhat.com
[    1.495460] ledtrig-cpu: registered to indicate activity on CPUs
[    1.498479] NET: Registered protocol family 10
[    1.500383] NET: Registered protocol family 17
[    1.502242] Key type dns_resolver registered
[    1.507781] registered taskstats version 1
[    1.510772] Loading compiled-in X.509 certificates
[    1.512923] Loaded X.509 cert 'Build time autogenerated kernel key: b6ae09eed57f82583ccd3c65c463e852cdd7a0b5'
[    1.515978] zswap: loaded using pool lzo/zbud
[    1.522783] Key type trusted registered
[    1.530036] Key type encrypted registered
[    1.531376] AppArmor: AppArmor sha1 policy hashing enabled
[    1.532849] ima: No TPM chip found, activating TPM-bypass!
[    1.534499] ima: Allocated hash algorithm: sha1
[    1.537843] evm: HMAC attrs: 0x1
[    1.540957]   Magic number: 8:196:88
[    1.543226] rtc_cmos rtc_cmos: setting system clock to 2020-06-25 17:04:31 UTC (1593104671)
[    1.547051] BIOS EDD facility v0.16 2004-Jun-25, 0 devices found
[    1.548879] EDD information not available.
[    1.616898] Freeing unused kernel memory: 1492K
[    1.620319] Write protecting the kernel read-only data: 14336k
[    1.625541] Freeing unused kernel memory: 1596K
[    1.627432] Freeing unused kernel memory: 60K
Loading, please wait...
starting version 229
[    1.649111] random: systemd-udevd: uninitialized urandom read (16 bytes read, 3 bits of entropy available)
[    1.649176] random: udevadm: uninitialized urandom read (16 bytes read, 3 bits of entropy available)
[    1.649202] random: udevadm: uninitialized urandom read (16 bytes read, 3 bits of entropy available)
[    1.663443] random: udevadm: uninitialized urandom read (16 bytes read, 3 bits of entropy available)
[    1.663501] random: udevadm: uninitialized urandom read (16 bytes read, 3 bits of entropy available)
[    1.663673] random: udevadm: uninitialized urandom read (16 bytes read, 3 bits of entropy available)
[    1.663723] random: udevadm: uninitialized urandom read (16 bytes read, 3 bits of entropy available)
[    1.663773] random: udevadm: uninitialized urandom read (16 bytes read, 3 bits of entropy available)
[    1.663820] random: udevadm: uninitialized urandom read (16 bytes read, 3 bits of entropy available)
[    1.663866] random: udevadm: uninitialized urandom read (16 bytes read, 3 bits of entropy available)
[    1.749804] Fusion MPT base driver 3.04.20
[    1.752097] Copyright (c) 1999-2008 LSI Corporation
[    1.758730] e1000: Intel(R) PRO/1000 Network Driver - version 7.3.21-k8-NAPI
[    1.761609] e1000: Copyright (c) 1999-2006 Intel Corporation.
[    1.776565] Fusion MPT SPI Host driver 3.04.20
[    1.817578] AVX2 version of gcm_enc/dec engaged.
[    1.819854] AES CTR mode by8 optimization enabled
[    1.985998] input: ImExPS/2 Generic Explorer Mouse as /devices/platform/i8042/serio1/input/input4
[    2.315010] e1000 0000:00:03.0 eth0: (PCI:33MHz:32-bit) 02:89:fa:04:16:8f
[    2.317864] e1000 0000:00:03.0 eth0: Intel(R) PRO/1000 Network Connection
[    2.325017] mptbase: ioc0: Initiating bringup
[    2.842292] ioc0: LSI53C1030 A0: Capabilities={Initiator}
[    5.300784] scsi host2: ioc0: LSI53C1030 A0, FwRev=00000000h, Ports=1, MaxQ=256, IRQ=20
[    7.139237] scsi 2:0:0:0: Direct-Access     VBOX     HARDDISK         1.0  PQ: 0 ANSI: 5
[    7.142324] scsi target2:0:0: Beginning Domain Validation
[    7.147209] scsi target2:0:0: Domain Validation skipping write tests
[    7.149493] scsi target2:0:0: Ending Domain Validation
[    7.151115] scsi target2:0:0: asynchronous
[    7.153485] scsi 2:0:1:0: Direct-Access     VBOX     HARDDISK         1.0  PQ: 0 ANSI: 5
[    7.157865] scsi target2:0:1: Beginning Domain Validation
[    7.161015] scsi target2:0:1: Domain Validation skipping write tests
[    7.163340] scsi target2:0:1: Ending Domain Validation
[    7.165207] scsi target2:0:1: asynchronous
[    7.226327] sd 2:0:0:0: Attached scsi generic sg0 type 0
[    7.229030] sd 2:0:0:0: [sda] 20971520 512-byte logical blocks: (10.7 GB/10.0 GiB)
[    7.232841] sd 2:0:1:0: Attached scsi generic sg1 type 0
[    7.236148] sd 2:0:1:0: [sdb] 20480 512-byte logical blocks: (10.5 MB/10.0 MiB)
[    7.239609] sd 2:0:0:0: [sda] Write Protect is off
[    7.242500] sd 2:0:1:0: [sdb] Write Protect is off
[    7.248056] sd 2:0:0:0: [sda] Incomplete mode parameter data
[    7.251231] sd 2:0:0:0: [sda] Assuming drive cache: write through
[    7.257051] sd 2:0:1:0: [sdb] Incomplete mode parameter data
[    7.262059] sd 2:0:1:0: [sdb] Assuming drive cache: write through
[    7.268011]  sda: sda1
[    7.273349] sd 2:0:1:0: [sdb] Attached SCSI disk
[    7.276534] sd 2:0:0:0: [sda] Attached SCSI disk
[    7.643333] e1000 0000:00:08.0 eth1: (PCI:33MHz:32-bit) 08:00:27:8b:d8:8f
[    7.645699] e1000 0000:00:08.0 eth1: Intel(R) PRO/1000 Network Connection
[    7.649661] e1000 0000:00:03.0 enp0s3: renamed from eth0
[    7.661847] e1000 0000:00:08.0 enp0s8: renamed from eth1
Begin: Loading essential drivers ... [    9.180271] md: linear personality registered for level -1
[    9.185451] md: multipath personality registered for level -4
[    9.197975] md: raid0 personality registered for level 0
[    9.210365] md: raid1 personality registered for level 1
[    9.289397] raid6: sse2x1   gen()  3113 MB/s
[    9.361916] raid6: sse2x1   xor()  4389 MB/s
[    9.429917] raid6: sse2x2   gen()  8616 MB/s
[    9.497885] raid6: sse2x2   xor()  6649 MB/s
[    9.565301] raid6: sse2x4   gen()  9970 MB/s
[    9.633593] raid6: sse2x4   xor()  7446 MB/s
[    9.701500] raid6: avx2x1   gen() 14409 MB/s
[    9.769575] raid6: avx2x2   gen() 16576 MB/s
[    9.838132] raid6: avx2x4   gen() 18868 MB/s
[    9.841249] raid6: using algorithm avx2x4 gen() 18868 MB/s
[    9.843190] raid6: using avx2x2 recovery algorithm
[    9.846080] xor: automatically using best checksumming function:
[    9.885569]    avx       : 20124.000 MB/sec
[    9.890875] async_tx: api initialized (async)
[    9.904761] md: raid6 personality registered for level 6
[    9.909082] md: raid5 personality registered for level 5
[    9.911435] md: raid4 personality registered for level 4
[    9.922601] md: raid10 personality registered for level 10
done.
Begin: Running /scripts/init-premount ... done.
Begin: Mounting root file system ... Begin: Running /scripts/local-top ... done.
Begin: Running /scripts/local-premount ... [    9.963307] Btrfs loaded
Scanning for Btrfs filesystems
done.
Warning: fsck not present, so skipping root file system
[   10.029129] EXT4-fs (sda1): mounted filesystem with ordered data mode. Opts: (null)
done.
Begin: Running /scripts/local-bottom ... done.
Begin: Running /scripts/init-bottom ... done.
[   10.391975] systemd[1]: systemd 229 running in system mode. (+PAM +AUDIT +SELINUX +IMA +APPARMOR +SMACK +SYSVINIT +UTMP +LIBCRYPTSETUP +GCRYPT +GNUTLS +ACL +XZ -LZ4 +SECCOMP +BLKID +ELFUTILS +KMOD -IDN)
[   10.402929] systemd[1]: Detected virtualization oracle.
[   10.407435] systemd[1]: Detected architecture x86-64.

Welcome to [1mUbuntu 16.04.6 LTS[0m!

[   10.416251] systemd[1]: Set hostname to <ubuntu>.
[   10.426167] systemd[1]: Initializing machine ID from random generator.
[   10.430122] systemd[1]: Installed transient /etc/machine-id file.
[   10.759242] systemd[1]: Started Trigger resolvconf update for networkd DNS.
[[0;32m  OK  [0m] Started Trigger resolvconf update for networkd DNS.
[   10.763090] systemd[1]: Reached target User and Group Name Lookups.
[[0;32m  OK  [0m] Reached target User and Group Name Lookups.
[   10.767340] systemd[1]: Listening on Syslog Socket.
[[0;32m  OK  [0m] Listening on Syslog Socket.
[   10.772206] systemd[1]: Reached target Swap.
[[0;32m  OK  [0m] Reached target Swap.
[   10.782368] systemd[1]: Listening on LVM2 metadata daemon socket.
[[0;32m  OK  [0m] Listening on LVM2 metadata daemon socket.
[   10.786878] systemd[1]: Listening on Journal Audit Socket.
[[0;32m  OK  [0m] Listening on Journal Audit Socket.
[   10.798241] systemd[1]: Created slice User and Session Slice.
[[0;32m  OK  [0m] Created slice User and Session Slice.
[   10.803429] systemd[1]: Set up automount Arbitrary Executable File Formats File System Automount Point.
[[0;32m  OK  [0m] Set up automount Arbitrary Executab...ats File System Automount Point.
[   10.809751] systemd[1]: Listening on LVM2 poll daemon socket.
[[0;32m  OK  [0m] Listening on LVM2 poll daemon socket.
[   10.813380] systemd[1]: Reached target System Time Synchronized.
[[0;32m  OK  [0m] Reached target System Time Synchronized.
[   10.822295] systemd[1]: Listening on udev Kernel Socket.
[[0;32m  OK  [0m] Listening on udev Kernel Socket.
[   10.834292] systemd[1]: Created slice System Slice.
[[0;32m  OK  [0m] Created slice System Slice.
[   10.839233] systemd[1]: Reached target Slices.
[[0;32m  OK  [0m] Reached target Slices.
[   10.842539] systemd[1]: Listening on Journal Socket (/dev/log).
[[0;32m  OK  [0m] Listening on Journal Socket (/dev/log).
[   10.846221] systemd[1]: Started Forward Password Requests to Wall Directory Watch.
[[0;32m  OK  [0m] Started Forward Password Requests to Wall Directory Watch.
[   10.850311] systemd[1]: Listening on /dev/initctl Compatibility Named Pipe.
[[0;32m  OK  [0m] Listening on /dev/initctl Compatibility Named Pipe.
[   10.862322] systemd[1]: Listening on Journal Socket.
[[0;32m  OK  [0m] Listening on Journal Socket.
[   10.877551] systemd[1]: Starting Nameserver information manager...
         Starting Nameserver information manager...
[   10.881922] random: nonblocking pool is initialized
[   10.882210] systemd[1]: Starting Remount Root and Kernel File Systems...
         Starting Remount Root and Kernel File Systems...
[   10.891019] systemd[1]: Starting Create list of required static device nodes for the current kernel...
         Starting Create list of required st... nodes for the current kernel...
[   10.901624] systemd[1]: Starting Journal Service...
[   10.902814] EXT4-fs (sda1): re-mounted. Opts: (null)
         Starting Journal Service...
[   10.909906] systemd[1]: Mounting Huge Pages File System...
         Mounting Huge Pages File System...
[   10.914282] systemd[1]: Mounting POSIX Message Queue File System...
         Mounting POSIX Message Queue File System...
[   10.920075] systemd[1]: Starting Uncomplicated firewall...
         Starting Uncomplicated firewall...
[   10.930057] systemd[1]: Listening on udev Control Socket.
[[0;32m  OK  [0m] Listening on udev Control Socket.
[   10.933192] systemd[1]: Listening on Device-mapper event daemon FIFOs.
[[0;32m  OK  [0m] Listening on Device-mapper event daemon FIFOs.
[   10.939674] systemd[1]: Starting Set console keymap...
         Starting Set console keymap...
[   10.946212] systemd[1]: Starting Load Kernel Modules...
         Starting Load Kernel Modules...
[   10.954375] systemd[1]: Starting Monitoring of LVM2 mirrors, snapshots etc. using dmeventd or progress polling...
         Starting Monitoring of LVM2 mirrors... dmeventd or progress polling...
[   10.963887] systemd[1]: Mounting Debug File System...
         Mounting Debug File System...
[   10.970117] systemd[1]: Created slice system-serial\x2dgetty.slice.
[[0;32m  OK  [0m] Created slice system-serial\x2dgetty.slice.
[   10.974528] systemd[1]: Reached target Encrypted Volumes.
[[0;32m  OK  [0m] Reached target Encrypted Volumes.
[   10.979802] systemd[1]: Mounted Huge Pages File System.
[[0;32m  OK  [0m] Mounted Huge Pages File System.
[   10.983073] systemd[1]: Mounted POSIX Message Queue File System.
[[0;32m  OK  [0m] Mounted POSIX Message Queue File System.
[   10.988587] systemd[1]: Mounted Debug File System.
[[0;32m  OK  [0m] Mounted Debug File System.
[   10.995196] Loading iSCSI transport class v2.0-870.
[   10.997498] systemd[1]: Started Journal Service.
[[0;32m  OK  [0m] Started Journal Service.
[[0;32m  OK  [0m] Started Remount Root and Kernel File Systems.
[[0;32m  OK  [0m] Started Create list of required sta...ce nodes for the current kernel.
[[0;32m  OK  [0m] Started Uncomplicated firewall.
[[0;32m  OK  [0m] Started Set console keymap.
[[0;32m  OK  [0m] Started Nameserver information manager.
         Starting Create Static Device Nodes in /dev...
[   11.043955] iscsi: registered transport (tcp)
         Starting udev Coldplug all Devices...
         Starting Load/Save Random Seed...
         Starting Flush Journal to Persistent Storage...
[[0;32m  OK  [0m] Started LVM2 metadata daemon.
[[0;32m  OK  [0m] Started Load/Save Random Seed.
[   11.115650] systemd-journald[376]: Received request to flush runtime journal from PID 1
[[0;32m  OK  [0m] Started Flush Journal to Persistent Storage.
[[0;32m  OK  [0m] Started udev Coldplug all Devices.
[   11.155999] iscsi: registered transport (iser)
[[0;32m  OK  [0m] Started Load Kernel Modules.
         Starting Apply Kernel Variables...
         Mounting FUSE Control File System...
[[0;32m  OK  [0m] Mounted FUSE Control File System.
[[0;32m  OK  [0m] Started Monitoring of LVM2 mirrors,...ng dmeventd or progress polling.
[[0;32m  OK  [0m] Started Create Static Device Nodes in /dev.
[[0;32m  OK  [0m] Started Apply Kernel Variables.
         Starting udev Kernel Device Manager...
[[0;32m  OK  [0m] Reached target Local File Systems (Pre).
[[0;32m  OK  [0m] Reached target Local File Systems.
         Starting Commit a transient machine-id on disk...
         Starting Set console font and keymap...
         Starting Tell Plymouth To Write Out Runtime Data...
         Starting Initial cloud-init job (pre-networking)...
         Starting LSB: AppArmor initialization...
         Starting Create Volatile Files and Directories...
[[0;32m  OK  [0m] Started Commit a transient machine-id on disk.
[[0;32m  OK  [0m] Started Tell Plymouth To Write Out Runtime Data.
[[0;32m  OK  [0m] Started Create Volatile Files and Directories.
         Starting Update UTMP about System Boot/Shutdown...
[[0;32m  OK  [0m] Started Update UTMP about System Boot/Shutdown.
[[0;32m  OK  [0m] Started udev Kernel Device Manager.
[[0;32m  OK  [0m] Started Dispatch Password Requests to Console Directory Watch.
[[0;32m  OK  [0m] Found device /dev/ttyS0.
[[0;32m  OK  [0m] Started Set console font and keymap.
[[0;32m  OK  [0m] Created slice system-getty.slice.
[[0;32m  OK  [0m] Listening on Load/Save RF Kill Switch Status /dev/rfkill Watch.
[[0;32m  OK  [0m] Started LSB: AppArmor initialization.
[   13.192413] cloud-init[472]: Cloud-init v. 19.4-33-gbb4131a2-0ubuntu1~16.04.1 running 'init-local' at Thu, 25 Jun 2020 17:04:43 +0000. Up 12.84 seconds.
[[0;32m  OK  [0m] Started Initial cloud-init job (pre-networking).
[[0;32m  OK  [0m] Reached target Network (Pre).
         Starting Raise network interfaces...
[[0;32m  OK  [0m] Started Raise network interfaces.
         Starting Initial cloud-init job (metadata service crawler)...
[[0;32m  OK  [0m] Reached target Network.
[   15.119362] cloud-init[967]: Cloud-init v. 19.4-33-gbb4131a2-0ubuntu1~16.04.1 running 'init' at Thu, 25 Jun 2020 17:04:44 +0000. Up 14.02 seconds.
[   15.128942] cloud-init[967]: ci-info: ++++++++++++++++++++++++++++++++++++++Net device info+++++++++++++++++++++++++++++++++++++++
[   15.131722] cloud-init[967]: ci-info: +--------+-------+----------------------------+---------------+--------+-------------------+
[   15.137322] cloud-init[967]: ci-info: | Device |   Up  |          Address           |      Mask     | Scope  |     Hw-Address    |
[   15.149002] cloud-init[967]: ci-info: +--------+-------+----------------------------+---------------+--------+-------------------+
[   15.154226] cloud-init[967]: ci-info: | enp0s3 |  True |         10.0.2.15          | 255.255.255.0 | global | 02:89:fa:04:16:8f |
[   15.157441] cloud-init[967]: ci-info: | enp0s3 |  True | fe80::89:faff:fe04:168f/64 |       .       |  link  | 02:89:fa:04:16:8f |
[   15.168912] cloud-init[967]: ci-info: | enp0s8 | False |             .              |       .       |   .    | 08:00:27:8b:d8:8f |
[   15.173975] [[0;32m  OK  [0m] Started Initial cloud-init job (metadata service crawler).
[[0;32m  OK  [0m] Reached target Cloud-config availability.
[[0;32m  OK  [0m] Reached target Network is Online.
cloud-init[967]: ci-info: |   lo   |  True |         127.0.0.1          |   255.0.0.0   |  host  |         .         |
[   15.188584] cloud-init[967]: ci-info: |   lo   |  True |          ::1/128           |       .       |  host  |         .         |
[   15.193731] cloud-init[967]: ci-info: +--------+-------+----------------------------+---------------+--------+-------------------+
[   15.194100] cloud-init[967]: ci-info: +++++++++++++++++++++++++++Route IPv4 info++++++++++++++++++++++++++++
[   15.195211] cloud-init[967]: ci-info: +-------+-------------+----------+---------------+-----------+-------+
[   15.199467] cloud-init[967]: ci-info: | Route | Destination | Gateway  |    Genmask    | Interface | Flags |
[   15.199608] cloud-init[967]: ci-info: +-------+-------------+----------+---------------+-----------+-------+
[   15.199683] cloud-init[967]: ci-info: |   0   |   0.0.0.0   | 10.0.2.2 |    0.0.0.0    |   enp0s3  |   UG  |
[   15.204349] cloud-init[967]: ci-info: |   1   |   10.0.2.0  | 0.0.0.0  | 255.255.255.0 |   enp0s3  |   U   |
         Starting iSCSI initiator daemon (iscsid)...[   15.205728] cloud-init[967]: ci-info: +-------+-------------+----------+---------------+-----------+-------+
[   15.218473] cloud-init[967]: ci-info: +++++++++++++++++++Route IPv6 info+++++++++++++++++++

[[0;32m  OK  [0m] Reached target System Initialization.
         Starting Socket activation for snappy daemon.
[[0;32m  OK  [0m] Listening on UUID daemon activation socket.
[[0;32m  OK  [0m] Started Daily apt download activities.
[   15.230345] cloud-init[967]: ci-info: +-------+-------------+---------+-----------+-------+
[   15.230779] cloud-init[967]: ci-info: | Route | Destination | Gateway | Interface | Flags |
[   15.231348] cloud-init[967]: ci-info: +-------+-------------+---------+-----------+-------+
[   15.231417] cloud-init[967]: ci-info: |   0   |  fe80::/64  |    ::   |   enp0s3  |   U   |
[   15.231497] cloud-init[967]: ci-info: |   3   |   ff00::/8  |    ::   |   enp0s3  |   U   |
[   15.231648] cloud-init[967]: ci-info: +-------+-------------+---------+-----------+-------+
[   15.231697] cloud-init[967]: Generating public/private rsa key pair.
[   15.231735] cloud-init[967]: Your identification has been saved in /etc/ssh/ssh_host_rsa_key.
[   15.231771] cloud-init[967]: Your public key has been saved in /etc/ssh/ssh_host_rsa_key.pub.
[   15.231806] cloud-init[967]: The key fingerprint is:
[   15.231840] cloud-init[967]: SHA256:U1ME1HFwXWqzMpZ8wRW7/FU1150HLfwKR+HYqKIRwZY root@ubuntu-xenial
[   15.231873] cloud-init[967]: The key's randomart image is:
[   15.231907] cloud-init[967]: +---[RSA 2048]----+
[   15.231941] cloud-init[967]: |     ... .o+=+=B@|
[   15.231973] cloud-init[967]: |      E.   ..O++@|
[   15.232133] cloud-init[967]: |     ..   o o.O+o|
[   15.232193] cloud-init[967]: |       . . +.oo++|
[   15.232365] cloud-init[967]: |      . S . *oo+.|
[   15.232436] cloud-init[967]: |       o o . +. o|
[   15.232495] cloud-init[967]: |      .         .|
[   15.232641] cloud-init[967]: |                 |
[   15.232709] cloud-init[967]: |                 |
[   15.232761] cloud-init[967]: +----[SHA256]-----+
[   15.232891] cloud-init[967]: Generating public/private dsa key pair.
[   15.233028] cloud-init[967]: Your identification has been saved in /etc/ssh/ssh_host_dsa_key.
[   15.233088] cloud-init[967]: Your public key has been saved in /etc/ssh/ssh_host_dsa_key.pub.
[   15.233378] cloud-init[967]: The key fingerprint is:
[   15.233698] cloud-init[967]: SHA256:obV6vXajpFReVN8Diq4Fsog8S0z05wZB9G3Pr80gtfM root@ubuntu-xenial
[   15.234282] cloud-init[967]: The key's randomart image is:
[   15.234828] cloud-init[967]: +---[DSA 1024]----+
[[0;32m  OK  [0m[   15.235012] cloud-init[967]: | .o+         ..  |
[   15.254458] cloud-init[967]: |. . o .   . .....|
[   15.256593] cloud-init[967]: | . o + +o. ..  .o|
[   15.256661] cloud-init[967]: |+ . = +o=o .    .|
[   15.256843] ] Started Daily apt upgrade and clean activities.
[[0;32m  OK  [0m] Listening on D-Bus System Message Bus Socket.
[[0;32m  OK  [0m] Listening on ACPID Listen Socket.
[[0;32m  OK  [0m] Started Daily Cleanup of Temporary Directories.
cloud-init[967]: | * . +. S*. .    |
         Starting LXD - unix socket.
[[0;32m  OK  [0m] Started Message of the Day.
[   15.411742] cloud-init[967]: |. o .  .++o.     |
[   15.424598] cloud-init[967]: | .    .oo++.     |
[[0;32m  OK  [0m] Reached target Timers.
[   15.439486] cloud-init[967]: |       o.oO.o    |
[[0;32m  OK  [0m] Started ACPI Events Check.
[[0;32m  OK  [0m] Reached target Paths.
[   15.446165] cloud-init[967]: |        .ooE .   |
[   15.455129] cloud-init[967]: +----[SHA256]-----+
[   15.457559] cloud-init[967]: Generating public/private ecdsa key pair.
[[0;32m  OK  [0m] Listening on Socket activation for snappy daemon.
[[0;32m  OK  [0m] Listening on LXD - unix socket.
[   15.472689] cloud-init[967]: Your identification has been saved in /etc/ssh/ssh_host_ecdsa_key.
[   15.488490] cloud-init[967]: Your public key has been saved in /etc/ssh/ssh_host_ecdsa_key.pub.
[   15.493388] [[0;32m  OK  [0m] Reached target Sockets.
[[0;32m  OK  [0m] Reached target Basic System.
cloud-init[967]: The key fingerprint is:
[   15.499378] cloud-init[967]: SHA256:Bv6p7vBDrkHUqHMcD4bP7Cw0fo4Rrof3FIVsiyM2k/U root@ubuntu-xenial
[   15.509076] [cloud-init[0;32m  OK  [0m[967]: ] The key's randomart image is:Started Regular background program processing daemon.

[   15.519166]          cloud-initStarting Pollinate to seed the pseudo random number generator...[967]: 
+---[ECDSA 256]---+
         Starting /etc/rc.local Compatibility...
[   15.532696] cloud-init[967]: |                 |
[   15.544232] cloud-init[967]: |   o +           |
[   15.544425] cloud-init[967]: |  ..X +          |
[   15.544511] cloud-init[967]: |  o@.B .         |
[   15.544562] cloud-init[967]: |.=O XEo S        |
[   15.544644] cloud-init[967]: |.=oX ..o .       |
[   15.544752] cloud-init[967]: | .= Bo  o        |
[   15.545547] cloud-init[967]: |..oB +o.         |
[   15.545608] cloud-init[967]: |.o..++=.         |
[   15.545669] cloud-init[967]: +----[SHA256]-----+
[   15.545716] cloud-init[967]: Generating public/private ed25519 key pair.
[   15.545822] cloud-init[967]: Your identification has been saved in /etc/ssh/ssh_host_ed25519_key.
[   15.545874] cloud-init[967]: Your public key has been saved in /etc/ssh/ssh_host_ed25519_key.pub.
[   15.545969] cloud-init[967]: The key fingerprint is:
[   15.546019] cloud-init[967]: SHA256:67Llo/MlRJhLPhYZwYRwLCCBNapAxQNWt8oyw2IDBDU root@ubuntu-xenial
[   15.546108] cloud-init[967]: The key's randomart image is:
[   15.546155] cloud-init[967]: +--[ED25519 256]--+
[   15.546254] cloud-init[967]: |BXE=.=+.         |
[   15.546310] cloud-init[967]: |*..*+ o=         |
[   15.546960]          Starting System Logging Service...
         Starting Virtualbox guest utils...
         Starting Accounts Service...
[[0;32m  OK  [0m] Started Deferred execution scheduler.
         Starting LSB: Record successful boot for GRUB...
         Starting LXD - container startup/shutdown...
         Starting Login Service...
cloud-init[967]: |+  ...* .        |
         Starting LSB: MD monitoring daemon...
[   15.625133] cloud-init[967]: |= . .o +         |
[   15.638549] cloud-init[967]: |oB o  = S        |
[   15.644910] cloud-init[967]: |o =  . o .       |
[   15.647816] cloud-init[967]: |        + .      |
[[0;32m  OK  [0m] Started ACPI event daemon.
[   15.651510] cloud-init[967]: |      o+.o       |
[   15.660309] cloud-init[967]: |      o*+.       |
[   15.665235] cloud-init[967]: +----[SHA256]-----+
[[0;32m  OK  [0m] Started FUSE filesystem for LXC.
[[0;32m  OK  [0m] Started D-Bus System Message Bus.
         Starting Snappy daemon...
[[0;32m  OK  [0m] Started System Logging Service.
[[0;32m  OK  [0m] Started iSCSI initiator daemon (iscsid).
[[0;32m  OK  [0m] Started /etc/rc.local Compatibility.
[[0;32m  OK  [0m] Started Login Service.
[[0;32m  OK  [0m] Started Unattended Upgrades Shutdown.
         Starting Authenticate and Authorize Users to Run Privileged Tasks...
         Starting Login to default iSCSI targets...
[[0;32m  OK  [0m] Started LSB: Record successful boot for GRUB.
[[0;32m  OK  [0m] Started LSB: MD monitoring daemon.
[[0;32m  OK  [0m] Started Login to default iSCSI targets.
[[0;32m  OK  [0m] Started Authenticate and Authorize Users to Run Privileged Tasks.
[[0;32m  OK  [0m] Reached target Remote File Systems (Pre).
[[0;32m  OK  [0m] Reached target Remote File Systems.
         Starting LSB: Set the CPU Frequency Scaling governor to "ondemand"...
         Starting LSB: daemon to balance interrupts for SMP systems...
         Starting LSB: automatic crash report generation...
         Starting Permit User Sessions...
[[0;32m  OK  [0m] Started LXD - container startup/shutdown.
[[0;32m  OK  [0m] Started Permit User Sessions.
[[0;32m  OK  [0m] Started Accounts Service.
         Starting Terminate Plymouth Boot Screen...
         Starting Hold until boot process finishes up...
[[0;32m  OK  [0m] Started Virtualbox guest utils.
[[0;32m  OK  [0m] Started Terminate Plymouth Boot Screen.
[[0;32m  OK  [0m] Started Hold until boot process finishes up.
[[0;32m  OK  [0m] Started Serial Getty on ttyS0.
         Starting Set console scheme...
[[0;32m  OK  [0m] Started Getty on tty1.
[[0;32m  OK  [0m] Reached target Login Prompts.
[[0;32m  OK  [0m] Started LSB: Set the CPU Frequency Scaling governor to "ondemand".
[[0;32m  OK  [0m] Started Set console scheme.
[[0;32m  OK  [0m] Started LSB: daemon to balance interrupts for SMP systems.
[[0;32m  OK  [0m] Started LSB: automatic crash report generation.
[[0;32m  OK  [0m] Started Pollinate to seed the pseudo random number generator.
         Starting OpenBSD Secure Shell server...
[[0;32m  OK  [0m] Started OpenBSD Secure Shell server.
[[0;32m  OK  [0m] Started Snappy daemon.
         Starting Wait until snapd is fully seeded...
[[0;32m  OK  [0m] Created slice User Slice of vagrant.
         Starting User Manager for UID 1000...
[[0;32m  OK  [0m] Started Session 1 of user vagrant.
[[0;32m  OK  [0m] Started User Manager for UID 1000.
         Stopping User Manager for UID 1000...
[[0;32m  OK  [0m] Stopped User Manager for UID 1000.
[[0;32m  OK  [0m] Removed slice User Slice of vagrant.
[[0;32m  OK  [0m] Created slice User Slice of vagrant.
         Starting User Manager for UID 1000...
[[0;32m  OK  [0m] Started Session 2 of user vagrant.
[[0;32m  OK  [0m] Started User Manager for UID 1000.

Ubuntu 16.04.6 LTS ubuntu-xenial ttyS0

ubuntu-xenial login: [   23.130914] cloud-init[1845]: Generating locales (this might take a while)...
[   24.331594] cloud-init[1845]:   en_US.UTF-8... done
[   24.333073] cloud-init[1845]: Generation complete.
[   24.883290] cloud-init[1845]: Cloud-init v. 19.4-33-gbb4131a2-0ubuntu1~16.04.1 running 'modules:config' at Thu, 25 Jun 2020 17:04:53 +0000. Up 22.98 seconds.
ci-info: no authorized SSH keys fingerprints found for user ubuntu.
<14>Jun 25 17:04:56 ec2: 
<14>Jun 25 17:04:56 ec2: #############################################################
<14>Jun 25 17:04:56 ec2: -----BEGIN SSH HOST KEY FINGERPRINTS-----
<14>Jun 25 17:04:56 ec2: 1024 SHA256:obV6vXajpFReVN8Diq4Fsog8S0z05wZB9G3Pr80gtfM root@ubuntu-xenial (DSA)
<14>Jun 25 17:04:56 ec2: 256 SHA256:Bv6p7vBDrkHUqHMcD4bP7Cw0fo4Rrof3FIVsiyM2k/U root@ubuntu-xenial (ECDSA)
<14>Jun 25 17:04:56 ec2: 256 SHA256:67Llo/MlRJhLPhYZwYRwLCCBNapAxQNWt8oyw2IDBDU root@ubuntu-xenial (ED25519)
<14>Jun 25 17:04:56 ec2: 2048 SHA256:U1ME1HFwXWqzMpZ8wRW7/FU1150HLfwKR+HYqKIRwZY root@ubuntu-xenial (RSA)
<14>Jun 25 17:04:56 ec2: -----END SSH HOST KEY FINGERPRINTS-----
<14>Jun 25 17:04:56 ec2: #############################################################
-----BEGIN SSH HOST KEY KEYS-----
ecdsa-sha2-nistp256 AAAAE2VjZHNhLXNoYTItbmlzdHAyNTYAAAAIbmlzdHAyNTYAAABBBIkJT+WEvgr7O3+qz9u4xcOLpK0f22pk1apmZ4nGFza2f51Br9hj3HyOZkmyGZ0moEGyGzBLwxZ2Ii1AazgQMew= root@ubuntu-xenial
ssh-ed25519 AAAAC3NzaC1lZDI1NTE5AAAAIPdCypqvCsfpwWcjTBo36ylX50hkcaJCLwpL7S0jIOly root@ubuntu-xenial
ssh-rsa AAAAB3NzaC1yc2EAAAADAQABAAABAQCxSFZsRvHLXohvYvvOf5T9ehxjERvfLNeLFtyhZOX1GQMhISNqnT2h4+s5q2vHJVBNIJ7gbgmIORYFAtNNLDhamN4fipbnIuUtkv5GEyJbg5SuPets3qXGTgOzfFpNpe82c2Eb6Hk9KlQ8AWTiVnRIea9HFtTKd/H8ELf8tpTB64qt8aeKff5ilki0gk0DtbA50s3qPl2+CThPgZHdpOy6rYcW+AMocPJlkYC7Sy/Flm3e0f9L5QB6kgkwIND+KgMfyAXqvCBxlcYZC5bA6qhk9FX9vyO7KDd5HjEOMxtv7xYZt5w2o70I7iqfpjOwq8mUfAUGT2f9+D7SRpGJk+wN root@ubuntu-xenial
-----END SSH HOST KEY KEYS-----
[   25.934064] cloud-init[2114]: Cloud-init v. 19.4-33-gbb4131a2-0ubuntu1~16.04.1 running 'modules:final' at Thu, 25 Jun 2020 17:04:55 +0000. Up 25.54 seconds.
[   25.934358] cloud-init[2114]: ci-info: no authorized SSH keys fingerprints found for user ubuntu.
[   25.934956] cloud-init[2114]: Cloud-init v. 19.4-33-gbb4131a2-0ubuntu1~16.04.1 finished at Thu, 25 Jun 2020 17:04:56 +0000. Datasource DataSourceNoCloud [seed=/dev/sdb][dsmode=net].  Up 25.91 seconds
